Traceback (most recent call last):
  File "/usr/local/lib/python3.10/dist-packages/jupyter_cache/executors/utils.py", line 58, in single_nb_execution
    executenb(
  File "/usr/local/lib/python3.10/dist-packages/nbclient/client.py", line 1305, in execute
    return NotebookClient(nb=nb, resources=resources, km=km, **kwargs).execute()
  File "/usr/local/lib/python3.10/dist-packages/jupyter_core/utils/__init__.py", line 173, in wrapped
    return loop.run_until_complete(inner)
  File "/usr/lib/python3.10/asyncio/base_events.py", line 649, in run_until_complete
    return future.result()
  File "/usr/local/lib/python3.10/dist-packages/nbclient/client.py", line 705, in async_execute
    await self.async_execute_cell(
  File "/usr/local/lib/python3.10/dist-packages/nbclient/client.py", line 1058, in async_execute_cell
    await self._check_raise_for_error(cell, cell_index, exec_reply)
  File "/usr/local/lib/python3.10/dist-packages/nbclient/client.py", line 914, in _check_raise_for_error
    raise CellExecutionError.from_cell_and_msg(cell, exec_reply_content)
nbclient.exceptions.CellExecutionError: An error occurred while executing the following cell:
------------------
import numpy as np
import nglview # this import is necessary for rendering of the 3D view
from visualisation import show_dislocation
------------------


[0;31m---------------------------------------------------------------------------[0m
[0;31mImportError[0m                               Traceback (most recent call last)
Cell [0;32mIn[1], line 3[0m
[1;32m      1[0m [38;5;28;01mimport[39;00m [38;5;21;01mnumpy[39;00m [38;5;28;01mas[39;00m [38;5;21;01mnp[39;00m
[1;32m      2[0m [38;5;28;01mimport[39;00m [38;5;21;01mnglview[39;00m [38;5;66;03m# this import is necessary for rendering of the 3D view[39;00m
[0;32m----> 3[0m [38;5;28;01mfrom[39;00m [38;5;21;01mvisualisation[39;00m [38;5;28;01mimport[39;00m show_dislocation

File [0;32m~/work/matscipy/matscipy/docs/applications/visualisation.py:3[0m
[1;32m      1[0m [38;5;28;01mimport[39;00m [38;5;21;01mnumpy[39;00m [38;5;28;01mas[39;00m [38;5;21;01mnp[39;00m
[0;32m----> 3[0m [38;5;28;01mfrom[39;00m [38;5;21;01movito[39;00m[38;5;21;01m.[39;00m[38;5;21;01mio[39;00m[38;5;21;01m.[39;00m[38;5;21;01mase[39;00m [38;5;28;01mimport[39;00m ase_to_ovito
[1;32m      4[0m [38;5;28;01mfrom[39;00m [38;5;21;01movito[39;00m[38;5;21;01m.[39;00m[38;5;21;01mmodifiers[39;00m [38;5;28;01mimport[39;00m CommonNeighborAnalysisModifier, IdentifyDiamondModifier
[1;32m      5[0m [38;5;28;01mfrom[39;00m [38;5;21;01movito[39;00m[38;5;21;01m.[39;00m[38;5;21;01mpipeline[39;00m [38;5;28;01mimport[39;00m StaticSource, Pipeline

File [0;32m/usr/local/lib/python3.10/dist-packages/ovito/__init__.py:21[0m
[1;32m     18[0m [38;5;28;01mimport[39;00m [38;5;21;01movito[39;00m[38;5;21;01m.[39;00m[38;5;21;01mnonpublic[39;00m
[1;32m     20[0m [38;5;66;03m# Load all extension modules.[39;00m
[0;32m---> 21[0m [38;5;28;01mimport[39;00m [38;5;21;01movito[39;00m[38;5;21;01m.[39;00m[38;5;21;01m_extensions[39;00m
[1;32m     23[0m [38;5;66;03m# The public symbols of this root module:[39;00m
[1;32m     24[0m __all__ [38;5;241m=[39m [[38;5;124m'[39m[38;5;124mversion[39m[38;5;124m'[39m, [38;5;124m'[39m[38;5;124mversion_string[39m[38;5;124m'[39m, [38;5;124m'[39m[38;5;124mscene[39m[38;5;124m'[39m, [38;5;124m'[39m[38;5;124mScene[39m[38;5;124m'[39m, [38;5;124m'[39m[38;5;124menable_logging[39m[38;5;124m'[39m]

File [0;32m/usr/local/lib/python3.10/dist-packages/ovito/_extensions/__init__.py:6[0m
[1;32m      4[0m [38;5;66;03m# Load all plugin extension modules under the _extensions package.[39;00m
[1;32m      5[0m [38;5;28;01mfor[39;00m modinfo [38;5;129;01min[39;00m pkgutil[38;5;241m.[39mwalk_packages(__path__, [38;5;18m__name__[39m [38;5;241m+[39m [38;5;124m'[39m[38;5;124m.[39m[38;5;124m'[39m):
[0;32m----> 6[0m     [43mimportlib[49m[38;5;241;43m.[39;49m[43mimport_module[49m[43m([49m[43mmodinfo[49m[38;5;241;43m.[39;49m[43mname[49m[43m)[49m

File [0;32m/usr/lib/python3.10/importlib/__init__.py:126[0m, in [0;36mimport_module[0;34m(name, package)[0m
[1;32m    124[0m             [38;5;28;01mbreak[39;00m
[1;32m    125[0m         level [38;5;241m+[39m[38;5;241m=[39m [38;5;241m1[39m
[0;32m--> 126[0m [38;5;28;01mreturn[39;00m [43m_bootstrap[49m[38;5;241;43m.[39;49m[43m_gcd_import[49m[43m([49m[43mname[49m[43m[[49m[43mlevel[49m[43m:[49m[43m][49m[43m,[49m[43m [49m[43mpackage[49m[43m,[49m[43m [49m[43mlevel[49m[43m)[49m

File [0;32m/usr/local/lib/python3.10/dist-packages/ovito/_extensions/averaging.py:2[0m
[1;32m      1[0m [38;5;66;03m# Load dependencies.[39;00m
[0;32m----> 2[0m [38;5;28;01mimport[39;00m [38;5;21;01movito[39;00m[38;5;21;01m.[39;00m[38;5;21;01m_extensions[39;00m[38;5;21;01m.[39;00m[38;5;21;01mpyscript[39;00m
[1;32m      3[0m [38;5;28;01mimport[39;00m [38;5;21;01movito[39;00m[38;5;21;01m.[39;00m[38;5;21;01m_extensions[39;00m[38;5;21;01m.[39;00m[38;5;21;01mstdobj[39;00m
[1;32m      5[0m [38;5;66;03m# Load the C extension module.[39;00m

File [0;32m/usr/local/lib/python3.10/dist-packages/ovito/_extensions/pyscript.py:2[0m
[1;32m      1[0m [38;5;66;03m# Load the C extension module.[39;00m
[0;32m----> 2[0m [38;5;28;01mimport[39;00m [38;5;21;01movito[39;00m[38;5;21;01m.[39;00m[38;5;21;01mplugins[39;00m[38;5;21;01m.[39;00m[38;5;21;01mPyScript[39;00m
[1;32m      4[0m [38;5;66;03m# Load class add-ons.[39;00m
[1;32m      5[0m [38;5;28;01mimport[39;00m [38;5;21;01movito[39;00m[38;5;21;01m.[39;00m[38;5;21;01m_scene_class[39;00m

File [0;32m/usr/local/lib/python3.10/dist-packages/ovito/plugins/__init__.py:36[0m
[1;32m     26[0m     warnings[38;5;241m.[39mwarn([38;5;124m"[39m[38;5;124mIncompatible version of the Qt cross-platform framework detected![39m[38;5;130;01m\n[39;00m[38;5;124mThis version of the OVITO Python module is based on Qt6 (loaded via the PySide6 bindings module), [39m[38;5;124m"[39m
[1;32m     27[0m         [38;5;124m"[39m[38;5;124mbut bindings for old Qt5 are already loaded at this point (through PyQt5 or PySide2 imports preceding the import of OVITO). To avoid library version conflicts, please make sure the rest of [39m[38;5;124m"[39m
[1;32m     28[0m         [38;5;124m"[39m[38;5;124myour application uses Qt6 too instead of Qt5. [39m[38;5;124m"[39m
[0;32m   (...)[0m
[1;32m     31[0m         [38;5;124m"[39m[38;5;124mIn addition, it may help to set the environment variable QT_API=pyside6 to force third-party packages (e.g. matplotlib) to load Qt6 instead of Qt5. [39m[38;5;124m"[39m
[1;32m     32[0m         [38;5;124m"[39m[38;5;124mIf you have any questions, please contact support@ovito.org.[39m[38;5;130;01m\n[39;00m[38;5;124m"[39m)
[1;32m     34[0m [38;5;66;03m# Load all the Qt bindings first before OVITO's own C++ modules get loaded.[39;00m
[1;32m     35[0m [38;5;66;03m# This ensures that the right Qt shared libraries needed by OVITO are already loaded into the process when running in a system Python interpreter.[39;00m
[0;32m---> 36[0m [38;5;28;01mfrom[39;00m [38;5;21;01movito[39;00m[38;5;21;01m.[39;00m[38;5;21;01mqt_compat[39;00m [38;5;28;01mimport[39;00m QtCore
[1;32m     37[0m [38;5;28;01mfrom[39;00m [38;5;21;01movito[39;00m[38;5;21;01m.[39;00m[38;5;21;01mqt_compat[39;00m [38;5;28;01mimport[39;00m QtGui
[1;32m     38[0m [38;5;28;01mfrom[39;00m [38;5;21;01movito[39;00m[38;5;21;01m.[39;00m[38;5;21;01mqt_compat[39;00m [38;5;28;01mimport[39;00m QtWidgets

File [0;32m/usr/local/lib/python3.10/dist-packages/ovito/qt_compat.py:11[0m
[1;32m      8[0m [38;5;66;03m# Import Shiboken module first to preload shiboken6.dll, which is needed by the Qt DLLs.[39;00m
[1;32m      9[0m [38;5;28;01mimport[39;00m [38;5;21;01mshiboken6[39;00m [38;5;28;01mas[39;00m [38;5;21;01mshiboken[39;00m 
[0;32m---> 11[0m [38;5;28;01mfrom[39;00m [38;5;21;01mPySide6[39;00m [38;5;28;01mimport[39;00m QtCore, QtGui, QtWidgets, QtNetwork, QtXml
[1;32m     13[0m [38;5;66;03m# The QtOpenGLWidgets module is not included in the embedded PySide6 installation of OVITO Pro 3.7,[39;00m
[1;32m     14[0m [38;5;66;03m# but it should be loaded when using the PyPI version of PySide6.[39;00m
[1;32m     15[0m [38;5;28;01mtry[39;00m:

[0;31mImportError[0m: libEGL.so.1: cannot open shared object file: No such file or directory

